2019-12-18 04:14:14.168  INFO 20332 --- [main] .h.s.b.t.HelloSpringBootApplicationTests : Starting HelloSpringBootApplicationTests on DESKTOP-6ERMRFQ with PID 20332 (started by Lusifer in D:\Workspaces\Git\github\topsale\hello-spring-boot)
2019-12-18 04:14:14.170  INFO 20332 --- [main] .h.s.b.t.HelloSpringBootApplicationTests : No active profile set, falling back to default profiles: default
2019-12-18 04:14:15.517  INFO 20332 --- [main] o.s.b.w.embedded.tomcat.TomcatWebServer  : Tomcat initialized with port(s): 0 (http)
2019-12-18 04:14:15.529  INFO 20332 --- [main] o.apache.catalina.core.StandardService   : Starting service [Tomcat]
2019-12-18 04:14:15.529  INFO 20332 --- [main] org.apache.catalina.core.StandardEngine  : Starting Servlet engine: [Apache Tomcat/9.0.29]
2019-12-18 04:14:15.671  INFO 20332 --- [main] o.a.c.c.C.[Tomcat].[localhost].[/]       : Initializing Spring embedded WebApplicationContext
2019-12-18 04:14:15.671 DEBUG 20332 --- [main] o.s.web.context.ContextLoader            : Published root WebApplicationContext as ServletContext attribute with name [org.springframework.web.context.WebApplicationContext.ROOT]
2019-12-18 04:14:15.671  INFO 20332 --- [main] o.s.web.context.ContextLoader            : Root WebApplicationContext: initialization completed in 1467 ms
2019-12-18 04:14:15.988  INFO 20332 --- [main] o.s.s.concurrent.ThreadPoolTaskExecutor  : Initializing ExecutorService 'applicationTaskExecutor'
2019-12-18 04:14:16.003 DEBUG 20332 --- [main] s.w.s.m.m.a.RequestMappingHandlerAdapter : ControllerAdvice beans: 0 @ModelAttribute, 0 @InitBinder, 1 RequestBodyAdvice, 1 ResponseBodyAdvice
2019-12-18 04:14:16.070 DEBUG 20332 --- [main] s.w.s.m.m.a.RequestMappingHandlerMapping : 3 mappings in 'requestMappingHandlerMapping'
2019-12-18 04:14:16.125 DEBUG 20332 --- [main] o.s.w.s.handler.SimpleUrlHandlerMapping  : Patterns [/webjars/**, /**] in 'resourceHandlerMapping'
2019-12-18 04:14:16.138 DEBUG 20332 --- [main] .m.m.a.ExceptionHandlerExceptionResolver : ControllerAdvice beans: 0 @ExceptionHandler, 1 ResponseBodyAdvice
2019-12-18 04:14:16.271  INFO 20332 --- [main] o.s.b.w.embedded.tomcat.TomcatWebServer  : Tomcat started on port(s): 53380 (http) with context path ''
2019-12-18 04:14:16.275  INFO 20332 --- [main] .h.s.b.t.HelloSpringBootApplicationTests : Started HelloSpringBootApplicationTests in 2.641 seconds (JVM running for 3.592)
2019-12-18 04:14:16.541 DEBUG 20332 --- [main] o.s.web.client.RestTemplate              : HTTP GET http://localhost:53380/
2019-12-18 04:14:16.544 DEBUG 20332 --- [main] o.s.web.client.RestTemplate              : Accept=[text/plain, application/json, application/*+json, */*]
2019-12-18 04:14:16.610  INFO 20332 --- [http-nio-auto-1-exec-2] o.a.c.c.C.[Tomcat].[localhost].[/]       : Initializing Spring DispatcherServlet 'dispatcherServlet'
2019-12-18 04:14:16.610  INFO 20332 --- [http-nio-auto-1-exec-2] o.s.web.servlet.DispatcherServlet        : Initializing Servlet 'dispatcherServlet'
2019-12-18 04:14:16.611 DEBUG 20332 --- [http-nio-auto-1-exec-2] o.s.web.servlet.DispatcherServlet        : Detected StandardServletMultipartResolver
2019-12-18 04:14:16.631 DEBUG 20332 --- [http-nio-auto-1-exec-2] o.s.web.servlet.DispatcherServlet        : enableLoggingRequestDetails='false': request parameters and headers will be masked to prevent unsafe logging of potentially sensitive data
2019-12-18 04:14:16.632  INFO 20332 --- [http-nio-auto-1-exec-2] o.s.web.servlet.DispatcherServlet        : Completed initialization in 22 ms
2019-12-18 04:14:16.641 DEBUG 20332 --- [http-nio-auto-1-exec-2] o.s.web.servlet.DispatcherServlet        : GET "/", parameters={}
2019-12-18 04:14:16.646 DEBUG 20332 --- [http-nio-auto-1-exec-2] s.w.s.m.m.a.RequestMappingHandlerMapping : Mapped to com.funtl.hello.spring.boot.controller.HelloController#sayHi()
2019-12-18 04:14:16.665 DEBUG 20332 --- [http-nio-auto-1-exec-2] m.m.a.RequestResponseBodyMethodProcessor : Using 'text/plain', given [text/plain, application/json, application/*+json, */*] and supported [text/plain, */*, text/plain, */*, application/json, application/*+json, application/json, application/*+json]
2019-12-18 04:14:16.666 DEBUG 20332 --- [http-nio-auto-1-exec-2] m.m.a.RequestResponseBodyMethodProcessor : Writing ["Hello Spring Boot."]
2019-12-18 04:14:16.675 DEBUG 20332 --- [http-nio-auto-1-exec-2] o.s.web.servlet.DispatcherServlet        : Completed 200 OK
2019-12-18 04:14:16.676 DEBUG 20332 --- [main] o.s.web.client.RestTemplate              : Response 200 OK
2019-12-18 04:14:16.677 DEBUG 20332 --- [main] o.s.web.client.RestTemplate              : Reading to [java.lang.String] as "text/plain;charset=UTF-8"
2019-12-18 04:14:16.691  INFO 20332 --- [SpringContextShutdownHook] o.s.s.concurrent.ThreadPoolTaskExecutor  : Shutting down ExecutorService 'applicationTaskExecutor'
2019-12-18 04:44:25.473  INFO 19084 --- [main] c.f.hello.spring.boot.tests.TbUserTests  : Starting TbUserTests on DESKTOP-6ERMRFQ with PID 19084 (started by Lusifer in D:\Workspaces\Git\github\topsale\hello-spring-boot)
2019-12-18 04:44:25.474  INFO 19084 --- [main] c.f.hello.spring.boot.tests.TbUserTests  : No active profile set, falling back to default profiles: default
2019-12-18 04:44:25.556 DEBUG 19084 --- [main] o.s.w.c.s.GenericWebApplicationContext   : Refreshing org.springframework.web.context.support.GenericWebApplicationContext@3fc79729
2019-12-18 04:44:26.297  WARN 19084 --- [main] o.m.s.mapper.ClassPathMapperScanner      : No MyBatis mapper was found in '[com.funtl.hello.spring.boot]' package. Please check your configuration.
2019-12-18 04:44:27.540  INFO 19084 --- [main] o.s.s.concurrent.ThreadPoolTaskExecutor  : Initializing ExecutorService 'applicationTaskExecutor'
2019-12-18 04:44:27.562 DEBUG 19084 --- [main] s.w.s.m.m.a.RequestMappingHandlerAdapter : ControllerAdvice beans: 0 @ModelAttribute, 0 @InitBinder, 1 RequestBodyAdvice, 1 ResponseBodyAdvice
2019-12-18 04:44:27.652 DEBUG 19084 --- [main] s.w.s.m.m.a.RequestMappingHandlerMapping : 3 mappings in 'requestMappingHandlerMapping'
2019-12-18 04:44:27.729 DEBUG 19084 --- [main] o.s.w.s.handler.SimpleUrlHandlerMapping  : Patterns [/webjars/**, /**] in 'resourceHandlerMapping'
2019-12-18 04:44:27.750 DEBUG 19084 --- [main] .m.m.a.ExceptionHandlerExceptionResolver : ControllerAdvice beans: 0 @ExceptionHandler, 1 ResponseBodyAdvice
2019-12-18 04:44:27.838  INFO 19084 --- [main] t.m.m.autoconfigure.MapperCacheDisabler  : Clear tk.mybatis.mapper.util.MsUtil CLASS_CACHE cache.
2019-12-18 04:44:27.839  INFO 19084 --- [main] t.m.m.autoconfigure.MapperCacheDisabler  : Clear tk.mybatis.mapper.genid.GenIdUtil CACHE cache.
2019-12-18 04:44:27.840  INFO 19084 --- [main] t.m.m.autoconfigure.MapperCacheDisabler  : Clear tk.mybatis.mapper.version.VersionUtil CACHE cache.
2019-12-18 04:44:27.840  INFO 19084 --- [main] t.m.m.autoconfigure.MapperCacheDisabler  : Clear EntityHelper entityTableMap cache.
2019-12-18 04:44:28.027  INFO 19084 --- [main] c.f.hello.spring.boot.tests.TbUserTests  : Started TbUserTests in 3.096 seconds (JVM running for 4.259)
2019-12-18 04:44:28.065  INFO 19084 --- [main] com.zaxxer.hikari.HikariDataSource       : MyHikariCP - Starting...
2019-12-18 04:44:28.308  INFO 19084 --- [main] com.zaxxer.hikari.HikariDataSource       : MyHikariCP - Start completed.
2019-12-18 04:44:28.319  INFO 19084 --- [main] o.s.t.c.transaction.TransactionContext   : Began transaction (1) for test context [DefaultTestContext@fa4c865 testClass = TbUserTests, testInstance = com.funtl.hello.spring.boot.tests.TbUserTests@3dfa819, testMethod = testSelectAll@TbUserTests, testException = [null], mergedContextConfiguration = [WebMergedContextConfiguration@3bd82cf5 testClass = TbUserTests, locations = '{}', classes = '{class com.funtl.hello.spring.boot.HelloSpringBootApplication}', contextInitializerClasses = '[]', activeProfiles = '{}', propertySourceLocations = '{}', propertySourceProperties = '{org.springframework.boot.test.context.SpringBootTestContextBootstrapper=true}', contextCustomizers = set[org.springframework.boot.test.context.filter.ExcludeFilterContextCustomizer@149494d8, org.springframework.boot.test.json.DuplicateJsonObjectContextCustomizerFactory$DuplicateJsonObjectContextCustomizer@481a15ff, org.springframework.boot.test.mock.mockito.MockitoContextCustomizer@0, org.springframework.boot.test.web.client.TestRestTemplateContextCustomizer@3b94d659, org.springframework.boot.test.autoconfigure.properties.PropertyMappingContextCustomizer@0, org.springframework.boot.test.autoconfigure.web.servlet.WebDriverContextCustomizerFactory$Customizer@5427c60c], resourceBasePath = 'src/main/webapp', contextLoader = 'org.springframework.boot.test.context.SpringBootContextLoader', parent = [null]], attributes = map['org.springframework.test.context.web.ServletTestExecutionListener.activateListener' -> true, 'org.springframework.test.context.web.ServletTestExecutionListener.populatedRequestContextHolder' -> true, 'org.springframework.test.context.web.ServletTestExecutionListener.resetRequestContextHolder' -> true]]; transaction manager [org.springframework.jdbc.datasource.DataSourceTransactionManager@4ce94d2f]; rollback [true]
2019-12-18 04:44:28.702  INFO 19084 --- [main] o.s.t.c.transaction.TransactionContext   : Rolled back transaction for test: [DefaultTestContext@fa4c865 testClass = TbUserTests, testInstance = com.funtl.hello.spring.boot.tests.TbUserTests@3dfa819, testMethod = testSelectAll@TbUserTests, testException = [null], mergedContextConfiguration = [WebMergedContextConfiguration@3bd82cf5 testClass = TbUserTests, locations = '{}', classes = '{class com.funtl.hello.spring.boot.HelloSpringBootApplication}', contextInitializerClasses = '[]', activeProfiles = '{}', propertySourceLocations = '{}', propertySourceProperties = '{org.springframework.boot.test.context.SpringBootTestContextBootstrapper=true}', contextCustomizers = set[org.springframework.boot.test.context.filter.ExcludeFilterContextCustomizer@149494d8, org.springframework.boot.test.json.DuplicateJsonObjectContextCustomizerFactory$DuplicateJsonObjectContextCustomizer@481a15ff, org.springframework.boot.test.mock.mockito.MockitoContextCustomizer@0, org.springframework.boot.test.web.client.TestRestTemplateContextCustomizer@3b94d659, org.springframework.boot.test.autoconfigure.properties.PropertyMappingContextCustomizer@0, org.springframework.boot.test.autoconfigure.web.servlet.WebDriverContextCustomizerFactory$Customizer@5427c60c], resourceBasePath = 'src/main/webapp', contextLoader = 'org.springframework.boot.test.context.SpringBootContextLoader', parent = [null]], attributes = map['org.springframework.test.context.web.ServletTestExecutionListener.activateListener' -> true, 'org.springframework.test.context.web.ServletTestExecutionListener.populatedRequestContextHolder' -> true, 'org.springframework.test.context.web.ServletTestExecutionListener.resetRequestContextHolder' -> true]]
2019-12-18 04:44:28.706 DEBUG 19084 --- [SpringContextShutdownHook] o.s.w.c.s.GenericWebApplicationContext   : Closing org.springframework.web.context.support.GenericWebApplicationContext@3fc79729, started on Wed Dec 18 04:44:25 CST 2019
2019-12-18 04:44:28.708  INFO 19084 --- [SpringContextShutdownHook] o.s.s.concurrent.ThreadPoolTaskExecutor  : Shutting down ExecutorService 'applicationTaskExecutor'
2019-12-18 04:44:28.709  INFO 19084 --- [SpringContextShutdownHook] com.zaxxer.hikari.HikariDataSource       : MyHikariCP - Shutdown initiated...
2019-12-18 04:44:28.721  INFO 19084 --- [SpringContextShutdownHook] com.zaxxer.hikari.HikariDataSource       : MyHikariCP - Shutdown completed.
